2026-06-02 09:09:08,043 - INFO - Insurance Premium API Started
2026-06-02 09:09:50,299 - INFO - Insurance Premium API Started
2026-06-02 09:10:12,851 - INFO - Insurance Premium API Started
2026-06-02 09:11:10,979 - INFO - Insurance Premium API Started
2026-06-02 09:12:04,135 - INFO - Prediction request received from city=Pune, occupation=Software Engineer
2026-06-02 09:12:04,223 - ERROR - Prediction Failed: cannot access local variable 'confidence' where it is not associated with a value
2026-06-02 09:12:14,685 - INFO - Prediction request received from city=Pune, occupation=Engineer
2026-06-02 09:12:14,711 - ERROR - Prediction Failed: cannot access local variable 'confidence' where it is not associated with a value
2026-06-02 09:16:08,249 - INFO - Insurance Premium API Started
2026-06-02 09:16:10,289 - INFO - Insurance Premium API Started
2026-06-02 09:17:00,909 - INFO - Request: city=Delhi, occupation=Businessman
2026-06-02 09:17:01,020 - INFO - Prediction=High, Confidence=99.81%
2026-06-02 09:17:35,248 - INFO - Request: city=Kolkata, occupation=Data Analyst
2026-06-02 09:17:35,292 - INFO - Prediction=Low, Confidence=97.85%
2026-06-02 14:32:11,009 - INFO - Insurance Premium API Started
2026-06-02 14:32:16,304 - INFO - Insurance Premium API Started
2026-06-02 14:37:41,386 - INFO - Insurance Premium API Started
2026-06-02 14:37:59,655 - INFO - Insurance Premium API Started
2026-06-02 14:38:06,001 - INFO - Insurance Premium API Started
2026-06-02 14:38:35,686 - INFO - Request: city=Agra, occupation=Accountant
2026-06-02 14:38:35,837 - INFO - Prediction=Low, Confidence=99.18%
2026-06-02 14:39:12,246 - INFO - Request: city=Jaipur, occupation=Chef
2026-06-02 14:39:12,510 - INFO - Prediction=Medium, Confidence=97.2%
2026-06-02 14:42:37,440 - INFO - Insurance Premium API Started
2026-06-02 14:42:43,277 - INFO - Insurance Premium API Started
2026-06-02 14:43:54,767 - INFO - Request: city=Mumbai, occupation=Accountant
2026-06-02 14:43:54,857 - INFO - Prediction=High, Confidence=99.72%
2026-06-02 17:58:27,824 - INFO - Insurance Premium API Started
2026-06-02 17:58:30,803 - INFO - Insurance Premium API Started
2026-06-02 18:00:08,316 - INFO - Request: city=Mumbai, occupation=Software Engineer
2026-06-02 18:00:08,430 - INFO - Prediction=Medium, Confidence=86.8%
2026-06-02 18:02:19,356 - INFO - Request: city=Jaipur, occupation=Government Employee
2026-06-02 18:02:19,423 - INFO - Prediction=Low, Confidence=98.19%
2026-06-02 18:02:30,732 - INFO - Request: city=Jaipur, occupation=Government Employee
2026-06-02 18:02:30,834 - INFO - Prediction=Low, Confidence=97.38%
2026-06-02 18:07:29,475 - INFO - Insurance Premium API Started
2026-06-02 18:08:33,094 - INFO - Insurance Premium API Started
